Determining if the pthread_create exist failed with the following output:
Change Dir: /home/guillaume/roscode/catkin_ws/src/kuka_control/pour_kuka/build/CMakeFiles/CMakeTmp

Run Build Command:/usr/bin/make "cmTryCompileExec2184871727/fast"
/usr/bin/make -f CMakeFiles/cmTryCompileExec2184871727.dir/build.make CMakeFiles/cmTryCompileExec2184871727.dir/build
make[1]: Entering directory `/home/guillaume/roscode/catkin_ws/src/kuka_control/pour_kuka/build/CMakeFiles/CMakeTmp'
/usr/bin/cmake -E cmake_progress_report /home/guillaume/roscode/catkin_ws/src/kuka_control/pour_kuka/build/CMakeFiles/CMakeTmp/CMakeFiles 1
Building C object CMakeFiles/cmTryCompileExec2184871727.dir/CheckSymbolExists.c.o
/usr/bin/cc    -o CMakeFiles/cmTryCompileExec2184871727.dir/CheckSymbolExists.c.o   -c /home/guillaume/roscode/catkin_ws/src/kuka_control/pour_kuka/build/CMakeFiles/CMakeTmp/CheckSymbolExists.c
Linking C executable cmTryCompileExec2184871727
/usr/bin/cmake -E cmake_link_script CMakeFiles/cmTryCompileExec2184871727.dir/link.txt --verbose=1
/usr/bin/cc       CMakeFiles/cmTryCompileExec2184871727.dir/CheckSymbolExists.c.o  -o cmTryCompileExec2184871727 -rdynamic 
CMakeFiles/cmTryCompileExec2184871727.dir/CheckSymbolExists.c.o: In function `main':
CheckSymbolExists.c:(.text+0x16): undefined reference to `pthread_create'
collect2: error: ld returned 1 exit status
make[1]: *** [cmTryCompileExec2184871727] Error 1
make[1]: Leaving directory `/home/guillaume/roscode/catkin_ws/src/kuka_control/pour_kuka/build/CMakeFiles/CMakeTmp'
make: *** [cmTryCompileExec2184871727/fast] Error 2

File /home/guillaume/roscode/catkin_ws/src/kuka_control/pour_kuka/build/CMakeFiles/CMakeTmp/CheckSymbolExists.c:
/* */
#include <pthread.h>

int main(int argc, char** argv)
{
  (void)argv;
#ifndef pthread_create
  return ((int*)(&pthread_create))[argc];
#else
  (void)argc;
  return 0;
#endif
}

Determining if the function pthread_create exists in the pthreads failed with the following output:
Change Dir: /home/guillaume/roscode/catkin_ws/src/kuka_control/pour_kuka/build/CMakeFiles/CMakeTmp

Run Build Command:/usr/bin/make "cmTryCompileExec1774522245/fast"
/usr/bin/make -f CMakeFiles/cmTryCompileExec1774522245.dir/build.make CMakeFiles/cmTryCompileExec1774522245.dir/build
make[1]: Entering directory `/home/guillaume/roscode/catkin_ws/src/kuka_control/pour_kuka/build/CMakeFiles/CMakeTmp'
/usr/bin/cmake -E cmake_progress_report /home/guillaume/roscode/catkin_ws/src/kuka_control/pour_kuka/build/CMakeFiles/CMakeTmp/CMakeFiles 1
Building C object CMakeFiles/cmTryCompileExec1774522245.dir/CheckFunctionExists.c.o
/usr/bin/cc   -DCHECK_FUNCTION_EXISTS=pthread_create   -o CMakeFiles/cmTryCompileExec1774522245.dir/CheckFunctionExists.c.o   -c /usr/share/cmake-2.8/Modules/CheckFunctionExists.c
Linking C executable cmTryCompileExec1774522245
/usr/bin/cmake -E cmake_link_script CMakeFiles/cmTryCompileExec1774522245.dir/link.txt --verbose=1
/usr/bin/cc   -DCHECK_FUNCTION_EXISTS=pthread_create    CMakeFiles/cmTryCompileExec1774522245.dir/CheckFunctionExists.c.o  -o cmTryCompileExec1774522245 -rdynamic -lpthreads 
/usr/bin/ld: cannot find -lpthreads
collect2: error: ld returned 1 exit status
make[1]: *** [cmTryCompileExec1774522245] Error 1
make[1]: Leaving directory `/home/guillaume/roscode/catkin_ws/src/kuka_control/pour_kuka/build/CMakeFiles/CMakeTmp'
make: *** [cmTryCompileExec1774522245/fast] Error 2


