Determining if the pthread_create exist failed with the following output:
Change Dir: /home/guillaume/roscode/catkin_ws/src/kuka_control/control_cmd_interface/build/CMakeFiles/CMakeTmp

Run Build Command:/usr/bin/make "cmTryCompileExec3134601866/fast"
/usr/bin/make -f CMakeFiles/cmTryCompileExec3134601866.dir/build.make CMakeFiles/cmTryCompileExec3134601866.dir/build
make[1]: Entering directory `/home/guillaume/roscode/catkin_ws/src/kuka_control/control_cmd_interface/build/CMakeFiles/CMakeTmp'
/usr/bin/cmake -E cmake_progress_report /home/guillaume/roscode/catkin_ws/src/kuka_control/control_cmd_interface/build/CMakeFiles/CMakeTmp/CMakeFiles 1
Building C object CMakeFiles/cmTryCompileExec3134601866.dir/CheckSymbolExists.c.o
/usr/bin/cc    -o CMakeFiles/cmTryCompileExec3134601866.dir/CheckSymbolExists.c.o   -c /home/guillaume/roscode/catkin_ws/src/kuka_control/control_cmd_interface/build/CMakeFiles/CMakeTmp/CheckSymbolExists.c
Linking C executable cmTryCompileExec3134601866
/usr/bin/cmake -E cmake_link_script CMakeFiles/cmTryCompileExec3134601866.dir/link.txt --verbose=1
/usr/bin/cc       CMakeFiles/cmTryCompileExec3134601866.dir/CheckSymbolExists.c.o  -o cmTryCompileExec3134601866 -rdynamic 
CMakeFiles/cmTryCompileExec3134601866.dir/CheckSymbolExists.c.o: In function `main':
CheckSymbolExists.c:(.text+0x16): undefined reference to `pthread_create'
collect2: error: ld returned 1 exit status
make[1]: *** [cmTryCompileExec3134601866] Error 1
make[1]: Leaving directory `/home/guillaume/roscode/catkin_ws/src/kuka_control/control_cmd_interface/build/CMakeFiles/CMakeTmp'
make: *** [cmTryCompileExec3134601866/fast] Error 2

File /home/guillaume/roscode/catkin_ws/src/kuka_control/control_cmd_interface/build/CMakeFiles/CMakeTmp/CheckSymbolExists.c:
/* */
#include <pthread.h>

int main(int argc, char** argv)
{
  (void)argv;
#ifndef pthread_create
  return ((int*)(&pthread_create))[argc];
#else
  (void)argc;
  return 0;
#endif
}

Determining if the function pthread_create exists in the pthreads failed with the following output:
Change Dir: /home/guillaume/roscode/catkin_ws/src/kuka_control/control_cmd_interface/build/CMakeFiles/CMakeTmp

Run Build Command:/usr/bin/make "cmTryCompileExec4053770845/fast"
/usr/bin/make -f CMakeFiles/cmTryCompileExec4053770845.dir/build.make CMakeFiles/cmTryCompileExec4053770845.dir/build
make[1]: Entering directory `/home/guillaume/roscode/catkin_ws/src/kuka_control/control_cmd_interface/build/CMakeFiles/CMakeTmp'
/usr/bin/cmake -E cmake_progress_report /home/guillaume/roscode/catkin_ws/src/kuka_control/control_cmd_interface/build/CMakeFiles/CMakeTmp/CMakeFiles 1
Building C object CMakeFiles/cmTryCompileExec4053770845.dir/CheckFunctionExists.c.o
/usr/bin/cc   -DCHECK_FUNCTION_EXISTS=pthread_create   -o CMakeFiles/cmTryCompileExec4053770845.dir/CheckFunctionExists.c.o   -c /usr/share/cmake-2.8/Modules/CheckFunctionExists.c
Linking C executable cmTryCompileExec4053770845
/usr/bin/cmake -E cmake_link_script CMakeFiles/cmTryCompileExec4053770845.dir/link.txt --verbose=1
/usr/bin/cc   -DCHECK_FUNCTION_EXISTS=pthread_create    CMakeFiles/cmTryCompileExec4053770845.dir/CheckFunctionExists.c.o  -o cmTryCompileExec4053770845 -rdynamic -lpthreads 
/usr/bin/ld: cannot find -lpthreads
collect2: error: ld returned 1 exit status
make[1]: *** [cmTryCompileExec4053770845] Error 1
make[1]: Leaving directory `/home/guillaume/roscode/catkin_ws/src/kuka_control/control_cmd_interface/build/CMakeFiles/CMakeTmp'
make: *** [cmTryCompileExec4053770845/fast] Error 2


